{"D:\\Holiday Project\\MSIB-Binar-Academy\\chapter-07\\back-end\\app\\controller\\carsController.js": {"path":"D:\\Holiday Project\\MSIB-Binar-Academy\\chapter-07\\back-end\\app\\controller\\carsController.js","statementMap":{"0":{"start":{"line":1,"column":21},"end":{"line":1,"column":56}},"1":{"start":{"line":3,"column":20},"end":{"line":13,"column":1}},"2":{"start":{"line":4,"column":4},"end":{"line":12,"column":5}},"3":{"start":{"line":5,"column":21},"end":{"line":5,"column":53}},"4":{"start":{"line":6,"column":8},"end":{"line":6,"column":42}},"5":{"start":{"line":8,"column":8},"end":{"line":11,"column":10}},"6":{"start":{"line":15,"column":16},"end":{"line":27,"column":1}},"7":{"start":{"line":17,"column":4},"end":{"line":26,"column":5}},"8":{"start":{"line":18,"column":19},"end":{"line":18,"column":35}},"9":{"start":{"line":19,"column":21},"end":{"line":19,"column":51}},"10":{"start":{"line":20,"column":8},"end":{"line":20,"column":42}},"11":{"start":{"line":22,"column":8},"end":{"line":25,"column":10}},"12":{"start":{"line":29,"column":19},"end":{"line":46,"column":1}},"13":{"start":{"line":30,"column":4},"end":{"line":45,"column":5}},"14":{"start":{"line":31,"column":24},"end":{"line":31,"column":32}},"15":{"start":{"line":32,"column":22},"end":{"line":32,"column":35}},"16":{"start":{"line":33,"column":23},"end":{"line":33,"column":34}},"17":{"start":{"line":34,"column":21},"end":{"line":34,"column":72}},"18":{"start":{"line":35,"column":8},"end":{"line":39,"column":11}},"19":{"start":{"line":41,"column":8},"end":{"line":44,"column":10}},"20":{"start":{"line":48,"column":19},"end":{"line":66,"column":1}},"21":{"start":{"line":49,"column":4},"end":{"line":65,"column":5}},"22":{"start":{"line":50,"column":24},"end":{"line":50,"column":32}},"23":{"start":{"line":51,"column":19},"end":{"line":51,"column":35}},"24":{"start":{"line":53,"column":22},"end":{"line":53,"column":65}},"25":{"start":{"line":55,"column":8},"end":{"line":59,"column":11}},"26":{"start":{"line":61,"column":8},"end":{"line":64,"column":10}},"27":{"start":{"line":68,"column":19},"end":{"line":83,"column":1}},"28":{"start":{"line":69,"column":4},"end":{"line":82,"column":5}},"29":{"start":{"line":70,"column":29},"end":{"line":70,"column":40}},"30":{"start":{"line":71,"column":19},"end":{"line":71,"column":35}},"31":{"start":{"line":72,"column":21},"end":{"line":72,"column":69}},"32":{"start":{"line":73,"column":8},"end":{"line":76,"column":11}},"33":{"start":{"line":78,"column":8},"end":{"line":81,"column":10}},"34":{"start":{"line":85,"column":29},"end":{"line":147,"column":1}},"35":{"start":{"line":87,"column":4},"end":{"line":92,"column":5}},"36":{"start":{"line":88,"column":8},"end":{"line":91,"column":11}},"37":{"start":{"line":94,"column":17},"end":{"line":94,"column":44}},"38":{"start":{"line":96,"column":4},"end":{"line":101,"column":5}},"39":{"start":{"line":97,"column":8},"end":{"line":100,"column":11}},"40":{"start":{"line":103,"column":18},"end":{"line":103,"column":33}},"41":{"start":{"line":104,"column":22},"end":{"line":104,"column":59}},"42":{"start":{"line":106,"column":24},"end":{"line":106,"column":57}},"43":{"start":{"line":108,"column":4},"end":{"line":140,"column":5}},"44":{"start":{"line":109,"column":30},"end":{"line":114,"column":10}},"45":{"start":{"line":110,"column":32},"end":{"line":110,"column":48}},"46":{"start":{"line":111,"column":16},"end":{"line":113,"column":18}},"47":{"start":{"line":112,"column":20},"end":{"line":112,"column":50}},"48":{"start":{"line":115,"column":8},"end":{"line":120,"column":9}},"49":{"start":{"line":116,"column":12},"end":{"line":119,"column":15}},"50":{"start":{"line":123,"column":8},"end":{"line":129,"column":9}},"51":{"start":{"line":125,"column":12},"end":{"line":128,"column":15}},"52":{"start":{"line":130,"column":26},"end":{"line":132,"column":10}},"53":{"start":{"line":131,"column":12},"end":{"line":131,"column":42}},"54":{"start":{"line":134,"column":8},"end":{"line":139,"column":9}},"55":{"start":{"line":135,"column":12},"end":{"line":138,"column":15}},"56":{"start":{"line":142,"column":4},"end":{"line":142,"column":21}},"57":{"start":{"line":143,"column":4},"end":{"line":143,"column":29}},"58":{"start":{"line":145,"column":4},"end":{"line":145,"column":11}},"59":{"start":{"line":149,"column":29},"end":{"line":195,"column":1}},"60":{"start":{"line":151,"column":15},"end":{"line":151,"column":31}},"61":{"start":{"line":152,"column":15},"end":{"line":152,"column":28}},"62":{"start":{"line":154,"column":21},"end":{"line":154,"column":29}},"63":{"start":{"line":156,"column":24},"end":{"line":156,"column":59}},"64":{"start":{"line":158,"column":23},"end":{"line":158,"column":53}},"65":{"start":{"line":160,"column":4},"end":{"line":165,"column":5}},"66":{"start":{"line":161,"column":8},"end":{"line":164,"column":11}},"67":{"start":{"line":167,"column":4},"end":{"line":181,"column":5}},"68":{"start":{"line":169,"column":8},"end":{"line":169,"column":41}},"69":{"start":{"line":171,"column":26},"end":{"line":173,"column":10}},"70":{"start":{"line":172,"column":12},"end":{"line":172,"column":45}},"71":{"start":{"line":175,"column":8},"end":{"line":180,"column":9}},"72":{"start":{"line":176,"column":12},"end":{"line":179,"column":15}},"73":{"start":{"line":183,"column":4},"end":{"line":191,"column":5}},"74":{"start":{"line":184,"column":8},"end":{"line":184,"column":87}},"75":{"start":{"line":185,"column":10},"end":{"line":191,"column":5}},"76":{"start":{"line":186,"column":8},"end":{"line":186,"column":79}},"77":{"start":{"line":187,"column":10},"end":{"line":191,"column":5}},"78":{"start":{"line":188,"column":8},"end":{"line":188,"column":24}},"79":{"start":{"line":189,"column":10},"end":{"line":191,"column":5}},"80":{"start":{"line":190,"column":8},"end":{"line":190,"column":24}},"81":{"start":{"line":193,"column":4},"end":{"line":193,"column":11}},"82":{"start":{"line":197,"column":0},"end":{"line":205,"column":1}}},"fnMap":{"0":{"name":"(anonymous_0)","decl":{"start":{"line":3,"column":20},"end":{"line":3,"column":21}},"loc":{"start":{"line":3,"column":41},"end":{"line":13,"column":1}},"line":3},"1":{"name":"(anonymous_1)","decl":{"start":{"line":15,"column":16},"end":{"line":15,"column":17}},"loc":{"start":{"line":15,"column":37},"end":{"line":27,"column":1}},"line":15},"2":{"name":"(anonymous_2)","decl":{"start":{"line":29,"column":19},"end":{"line":29,"column":20}},"loc":{"start":{"line":29,"column":40},"end":{"line":46,"column":1}},"line":29},"3":{"name":"(anonymous_3)","decl":{"start":{"line":48,"column":19},"end":{"line":48,"column":20}},"loc":{"start":{"line":48,"column":40},"end":{"line":66,"column":1}},"line":48},"4":{"name":"(anonymous_4)","decl":{"start":{"line":68,"column":19},"end":{"line":68,"column":20}},"loc":{"start":{"line":68,"column":40},"end":{"line":83,"column":1}},"line":68},"5":{"name":"(anonymous_5)","decl":{"start":{"line":85,"column":29},"end":{"line":85,"column":30}},"loc":{"start":{"line":85,"column":56},"end":{"line":147,"column":1}},"line":85},"6":{"name":"(anonymous_6)","decl":{"start":{"line":109,"column":39},"end":{"line":109,"column":40}},"loc":{"start":{"line":109,"column":47},"end":{"line":114,"column":9}},"line":109},"7":{"name":"(anonymous_7)","decl":{"start":{"line":111,"column":41},"end":{"line":111,"column":42}},"loc":{"start":{"line":111,"column":52},"end":{"line":113,"column":17}},"line":111},"8":{"name":"(anonymous_8)","decl":{"start":{"line":130,"column":50},"end":{"line":130,"column":51}},"loc":{"start":{"line":130,"column":61},"end":{"line":132,"column":9}},"line":130},"9":{"name":"(anonymous_9)","decl":{"start":{"line":149,"column":29},"end":{"line":149,"column":30}},"loc":{"start":{"line":149,"column":56},"end":{"line":195,"column":1}},"line":149},"10":{"name":"(anonymous_10)","decl":{"start":{"line":171,"column":48},"end":{"line":171,"column":49}},"loc":{"start":{"line":171,"column":55},"end":{"line":173,"column":9}},"line":171}},"branchMap":{"0":{"loc":{"start":{"line":87,"column":4},"end":{"line":92,"column":5}},"type":"if","locations":[{"start":{"line":87,"column":4},"end":{"line":92,"column":5}},{"start":{},"end":{}}],"line":87},"1":{"loc":{"start":{"line":96,"column":4},"end":{"line":101,"column":5}},"type":"if","locations":[{"start":{"line":96,"column":4},"end":{"line":101,"column":5}},{"start":{},"end":{}}],"line":96},"2":{"loc":{"start":{"line":108,"column":4},"end":{"line":140,"column":5}},"type":"if","locations":[{"start":{"line":108,"column":4},"end":{"line":140,"column":5}},{"start":{"line":121,"column":9},"end":{"line":140,"column":5}}],"line":108},"3":{"loc":{"start":{"line":115,"column":8},"end":{"line":120,"column":9}},"type":"if","locations":[{"start":{"line":115,"column":8},"end":{"line":120,"column":9}},{"start":{},"end":{}}],"line":115},"4":{"loc":{"start":{"line":123,"column":8},"end":{"line":129,"column":9}},"type":"if","locations":[{"start":{"line":123,"column":8},"end":{"line":129,"column":9}},{"start":{},"end":{}}],"line":123},"5":{"loc":{"start":{"line":123,"column":11},"end":{"line":123,"column":71}},"type":"binary-expr","locations":[{"start":{"line":123,"column":11},"end":{"line":123,"column":39}},{"start":{"line":123,"column":43},"end":{"line":123,"column":71}}],"line":123},"6":{"loc":{"start":{"line":134,"column":8},"end":{"line":139,"column":9}},"type":"if","locations":[{"start":{"line":134,"column":8},"end":{"line":139,"column":9}},{"start":{},"end":{}}],"line":134},"7":{"loc":{"start":{"line":160,"column":4},"end":{"line":165,"column":5}},"type":"if","locations":[{"start":{"line":160,"column":4},"end":{"line":165,"column":5}},{"start":{},"end":{}}],"line":160},"8":{"loc":{"start":{"line":167,"column":4},"end":{"line":181,"column":5}},"type":"if","locations":[{"start":{"line":167,"column":4},"end":{"line":181,"column":5}},{"start":{},"end":{}}],"line":167},"9":{"loc":{"start":{"line":175,"column":8},"end":{"line":180,"column":9}},"type":"if","locations":[{"start":{"line":175,"column":8},"end":{"line":180,"column":9}},{"start":{},"end":{}}],"line":175},"10":{"loc":{"start":{"line":183,"column":4},"end":{"line":191,"column":5}},"type":"if","locations":[{"start":{"line":183,"column":4},"end":{"line":191,"column":5}},{"start":{"line":185,"column":10},"end":{"line":191,"column":5}}],"line":183},"11":{"loc":{"start":{"line":183,"column":7},"end":{"line":183,"column":39}},"type":"binary-expr","locations":[{"start":{"line":183,"column":7},"end":{"line":183,"column":23}},{"start":{"line":183,"column":27},"end":{"line":183,"column":39}}],"line":183},"12":{"loc":{"start":{"line":185,"column":10},"end":{"line":191,"column":5}},"type":"if","locations":[{"start":{"line":185,"column":10},"end":{"line":191,"column":5}},{"start":{"line":187,"column":10},"end":{"line":191,"column":5}}],"line":185},"13":{"loc":{"start":{"line":185,"column":13},"end":{"line":185,"column":45}},"type":"binary-expr","locations":[{"start":{"line":185,"column":13},"end":{"line":185,"column":29}},{"start":{"line":185,"column":33},"end":{"line":185,"column":45}}],"line":185},"14":{"loc":{"start":{"line":187,"column":10},"end":{"line":191,"column":5}},"type":"if","locations":[{"start":{"line":187,"column":10},"end":{"line":191,"column":5}},{"start":{"line":189,"column":10},"end":{"line":191,"column":5}}],"line":187},"15":{"loc":{"start":{"line":187,"column":13},"end":{"line":187,"column":45}},"type":"binary-expr","locations":[{"start":{"line":187,"column":13},"end":{"line":187,"column":29}},{"start":{"line":187,"column":33},"end":{"line":187,"column":45}}],"line":187},"16":{"loc":{"start":{"line":189,"column":10},"end":{"line":191,"column":5}},"type":"if","locations":[{"start":{"line":189,"column":10},"end":{"line":191,"column":5}},{"start":{},"end":{}}],"line":189},"17":{"loc":{"start":{"line":189,"column":13},"end":{"line":189,"column":45}},"type":"binary-expr","locations":[{"start":{"line":189,"column":13},"end":{"line":189,"column":29}},{"start":{"line":189,"column":33},"end":{"line":189,"column":45}}],"line":189}},"s":{"0":1,"1":1,"2":2,"3":2,"4":1,"5":1,"6":1,"7":2,"8":2,"9":2,"10":1,"11":1,"12":1,"13":2,"14":2,"15":2,"16":2,"17":2,"18":1,"19":1,"20":1,"21":2,"22":2,"23":2,"24":2,"25":1,"26":1,"27":1,"28":2,"29":2,"30":2,"31":2,"32":1,"33":1,"34":1,"35":8,"36":1,"37":7,"38":7,"39":2,"40":5,"41":5,"42":5,"43":5,"44":2,"45":4,"46":4,"47":10,"48":2,"49":1,"50":3,"51":1,"52":2,"53":5,"54":2,"55":1,"56":2,"57":2,"58":2,"59":1,"60":4,"61":4,"62":4,"63":4,"64":4,"65":4,"66":1,"67":3,"68":3,"69":3,"70":9,"71":3,"72":2,"73":1,"74":1,"75":0,"76":0,"77":0,"78":0,"79":0,"80":0,"81":1,"82":1},"f":{"0":2,"1":2,"2":2,"3":2,"4":2,"5":8,"6":4,"7":10,"8":5,"9":4,"10":9},"b":{"0":[1,7],"1":[2,5],"2":[2,3],"3":[1,1],"4":[1,2],"5":[3,2],"6":[1,1],"7":[1,3],"8":[3,0],"9":[2,1],"10":[1,0],"11":[1,1],"12":[0,0],"13":[0,0],"14":[0,0],"15":[0,0],"16":[0,0],"17":[0,0]},"_coverageSchema":"1a1c01bbd47fc00a2c39e90264f33305004495a9","hash":"421e96bd2f305f369cc33a68229bc567245ddc54"}
}
