{"D:\\Holiday Project\\MSIB-Binar-Academy\\chapter-07\\back-end\\app\\controller\\userController.js": {"path":"D:\\Holiday Project\\MSIB-Binar-Academy\\chapter-07\\back-end\\app\\controller\\userController.js","statementMap":{"0":{"start":{"line":1,"column":21},"end":{"line":1,"column":56}},"1":{"start":{"line":2,"column":21},"end":{"line":2,"column":56}},"2":{"start":{"line":4,"column":21},"end":{"line":14,"column":1}},"3":{"start":{"line":5,"column":4},"end":{"line":13,"column":5}},"4":{"start":{"line":6,"column":21},"end":{"line":6,"column":54}},"5":{"start":{"line":7,"column":8},"end":{"line":7,"column":42}},"6":{"start":{"line":9,"column":8},"end":{"line":12,"column":10}},"7":{"start":{"line":16,"column":14},"end":{"line":41,"column":1}},"8":{"start":{"line":17,"column":4},"end":{"line":39,"column":5}},"9":{"start":{"line":18,"column":21},"end":{"line":18,"column":29}},"10":{"start":{"line":19,"column":24},"end":{"line":19,"column":35}},"11":{"start":{"line":21,"column":22},"end":{"line":21,"column":65}},"12":{"start":{"line":23,"column":8},"end":{"line":26,"column":19}},"13":{"start":{"line":28,"column":8},"end":{"line":32,"column":11}},"14":{"start":{"line":35,"column":8},"end":{"line":38,"column":10}},"15":{"start":{"line":43,"column":26},"end":{"line":59,"column":1}},"16":{"start":{"line":44,"column":4},"end":{"line":58,"column":5}},"17":{"start":{"line":45,"column":24},"end":{"line":45,"column":32}},"18":{"start":{"line":46,"column":22},"end":{"line":46,"column":60}},"19":{"start":{"line":48,"column":8},"end":{"line":52,"column":11}},"20":{"start":{"line":54,"column":8},"end":{"line":57,"column":10}},"21":{"start":{"line":61,"column":27},"end":{"line":77,"column":1}},"22":{"start":{"line":62,"column":4},"end":{"line":76,"column":5}},"23":{"start":{"line":63,"column":24},"end":{"line":63,"column":32}},"24":{"start":{"line":64,"column":22},"end":{"line":64,"column":66}},"25":{"start":{"line":66,"column":8},"end":{"line":70,"column":11}},"26":{"start":{"line":72,"column":8},"end":{"line":75,"column":10}},"27":{"start":{"line":79,"column":15},"end":{"line":87,"column":1}},"28":{"start":{"line":81,"column":4},"end":{"line":81,"column":35}},"29":{"start":{"line":82,"column":4},"end":{"line":85,"column":7}},"30":{"start":{"line":83,"column":8},"end":{"line":83,"column":26}},"31":{"start":{"line":84,"column":8},"end":{"line":84,"column":25}},"32":{"start":{"line":89,"column":19},"end":{"line":109,"column":1}},"33":{"start":{"line":91,"column":4},"end":{"line":108,"column":5}},"34":{"start":{"line":92,"column":21},"end":{"line":92,"column":29}},"35":{"start":{"line":94,"column":22},"end":{"line":94,"column":89}},"36":{"start":{"line":96,"column":8},"end":{"line":100,"column":10}},"37":{"start":{"line":104,"column":8},"end":{"line":107,"column":10}},"38":{"start":{"line":111,"column":31},"end":{"line":149,"column":1}},"39":{"start":{"line":112,"column":4},"end":{"line":148,"column":5}},"40":{"start":{"line":113,"column":63},"end":{"line":113,"column":71}},"41":{"start":{"line":115,"column":8},"end":{"line":120,"column":9}},"42":{"start":{"line":116,"column":12},"end":{"line":119,"column":14}},"43":{"start":{"line":122,"column":27},"end":{"line":122,"column":68}},"44":{"start":{"line":124,"column":8},"end":{"line":129,"column":9}},"45":{"start":{"line":125,"column":12},"end":{"line":128,"column":14}},"46":{"start":{"line":131,"column":27},"end":{"line":131,"column":75}},"47":{"start":{"line":133,"column":8},"end":{"line":139,"column":10}},"48":{"start":{"line":141,"column":8},"end":{"line":141,"column":15}},"49":{"start":{"line":144,"column":8},"end":{"line":147,"column":10}},"50":{"start":{"line":151,"column":24},"end":{"line":211,"column":1}},"51":{"start":{"line":153,"column":4},"end":{"line":209,"column":5}},"52":{"start":{"line":154,"column":21},"end":{"line":154,"column":29}},"53":{"start":{"line":156,"column":8},"end":{"line":161,"column":9}},"54":{"start":{"line":157,"column":12},"end":{"line":160,"column":15}},"55":{"start":{"line":163,"column":27},"end":{"line":163,"column":73}},"56":{"start":{"line":165,"column":8},"end":{"line":170,"column":9}},"57":{"start":{"line":166,"column":12},"end":{"line":169,"column":15}},"58":{"start":{"line":172,"column":28},"end":{"line":172,"column":104}},"59":{"start":{"line":174,"column":8},"end":{"line":179,"column":9}},"60":{"start":{"line":175,"column":12},"end":{"line":178,"column":14}},"61":{"start":{"line":181,"column":24},"end":{"line":181,"column":35}},"62":{"start":{"line":183,"column":8},"end":{"line":198,"column":9}},"63":{"start":{"line":185,"column":33},"end":{"line":185,"column":78}},"64":{"start":{"line":186,"column":29},"end":{"line":186,"column":77}},"65":{"start":{"line":188,"column":12},"end":{"line":197,"column":13}},"66":{"start":{"line":189,"column":16},"end":{"line":193,"column":18}},"67":{"start":{"line":195,"column":16},"end":{"line":195,"column":44}},"68":{"start":{"line":196,"column":16},"end":{"line":196,"column":36}},"69":{"start":{"line":200,"column":8},"end":{"line":200,"column":41}},"70":{"start":{"line":202,"column":8},"end":{"line":202,"column":14}},"71":{"start":{"line":205,"column":8},"end":{"line":208,"column":10}},"72":{"start":{"line":213,"column":0},"end":{"line":222,"column":1}}},"fnMap":{"0":{"name":"(anonymous_0)","decl":{"start":{"line":4,"column":21},"end":{"line":4,"column":22}},"loc":{"start":{"line":4,"column":42},"end":{"line":14,"column":1}},"line":4},"1":{"name":"(anonymous_1)","decl":{"start":{"line":16,"column":14},"end":{"line":16,"column":15}},"loc":{"start":{"line":16,"column":33},"end":{"line":41,"column":1}},"line":16},"2":{"name":"(anonymous_2)","decl":{"start":{"line":43,"column":26},"end":{"line":43,"column":27}},"loc":{"start":{"line":43,"column":49},"end":{"line":59,"column":1}},"line":43},"3":{"name":"(anonymous_3)","decl":{"start":{"line":61,"column":27},"end":{"line":61,"column":28}},"loc":{"start":{"line":61,"column":50},"end":{"line":77,"column":1}},"line":61},"4":{"name":"(anonymous_4)","decl":{"start":{"line":79,"column":15},"end":{"line":79,"column":16}},"loc":{"start":{"line":79,"column":28},"end":{"line":87,"column":1}},"line":79},"5":{"name":"(anonymous_5)","decl":{"start":{"line":82,"column":15},"end":{"line":82,"column":16}},"loc":{"start":{"line":82,"column":29},"end":{"line":85,"column":5}},"line":82},"6":{"name":"(anonymous_6)","decl":{"start":{"line":89,"column":19},"end":{"line":89,"column":20}},"loc":{"start":{"line":89,"column":39},"end":{"line":109,"column":1}},"line":89},"7":{"name":"(anonymous_7)","decl":{"start":{"line":111,"column":31},"end":{"line":111,"column":32}},"loc":{"start":{"line":111,"column":59},"end":{"line":149,"column":1}},"line":111},"8":{"name":"(anonymous_8)","decl":{"start":{"line":151,"column":24},"end":{"line":151,"column":25}},"loc":{"start":{"line":151,"column":48},"end":{"line":211,"column":1}},"line":151}},"branchMap":{"0":{"loc":{"start":{"line":115,"column":8},"end":{"line":120,"column":9}},"type":"if","locations":[{"start":{"line":115,"column":8},"end":{"line":120,"column":9}},{"start":{},"end":{}}],"line":115},"1":{"loc":{"start":{"line":115,"column":11},"end":{"line":115,"column":39}},"type":"binary-expr","locations":[{"start":{"line":115,"column":11},"end":{"line":115,"column":16}},{"start":{"line":115,"column":20},"end":{"line":115,"column":26}},{"start":{"line":115,"column":30},"end":{"line":115,"column":39}}],"line":115},"2":{"loc":{"start":{"line":124,"column":8},"end":{"line":129,"column":9}},"type":"if","locations":[{"start":{"line":124,"column":8},"end":{"line":129,"column":9}},{"start":{},"end":{}}],"line":124},"3":{"loc":{"start":{"line":156,"column":8},"end":{"line":161,"column":9}},"type":"if","locations":[{"start":{"line":156,"column":8},"end":{"line":161,"column":9}},{"start":{},"end":{}}],"line":156},"4":{"loc":{"start":{"line":156,"column":11},"end":{"line":156,"column":40}},"type":"binary-expr","locations":[{"start":{"line":156,"column":11},"end":{"line":156,"column":22}},{"start":{"line":156,"column":26},"end":{"line":156,"column":40}}],"line":156},"5":{"loc":{"start":{"line":165,"column":8},"end":{"line":170,"column":9}},"type":"if","locations":[{"start":{"line":165,"column":8},"end":{"line":170,"column":9}},{"start":{},"end":{}}],"line":165},"6":{"loc":{"start":{"line":174,"column":8},"end":{"line":179,"column":9}},"type":"if","locations":[{"start":{"line":174,"column":8},"end":{"line":179,"column":9}},{"start":{},"end":{}}],"line":174},"7":{"loc":{"start":{"line":183,"column":8},"end":{"line":198,"column":9}},"type":"if","locations":[{"start":{"line":183,"column":8},"end":{"line":198,"column":9}},{"start":{},"end":{}}],"line":183},"8":{"loc":{"start":{"line":188,"column":12},"end":{"line":197,"column":13}},"type":"if","locations":[{"start":{"line":188,"column":12},"end":{"line":197,"column":13}},{"start":{"line":194,"column":17},"end":{"line":197,"column":13}}],"line":188}},"s":{"0":1,"1":1,"2":1,"3":2,"4":2,"5":1,"6":1,"7":1,"8":2,"9":2,"10":2,"11":2,"12":1,"13":1,"14":1,"15":1,"16":2,"17":2,"18":2,"19":1,"20":1,"21":1,"22":2,"23":2,"24":2,"25":1,"26":1,"27":1,"28":1,"29":1,"30":1,"31":1,"32":1,"33":2,"34":2,"35":2,"36":1,"37":1,"38":1,"39":4,"40":4,"41":4,"42":1,"43":3,"44":2,"45":1,"46":1,"47":1,"48":1,"49":1,"50":1,"51":0,"52":0,"53":0,"54":0,"55":0,"56":0,"57":0,"58":0,"59":0,"60":0,"61":0,"62":0,"63":0,"64":0,"65":0,"66":0,"67":0,"68":0,"69":0,"70":0,"71":0,"72":1},"f":{"0":2,"1":2,"2":2,"3":2,"4":1,"5":1,"6":2,"7":4,"8":0},"b":{"0":[1,3],"1":[4,3,3],"2":[1,1],"3":[0,0],"4":[0,0],"5":[0,0],"6":[0,0],"7":[0,0],"8":[0,0]},"_coverageSchema":"1a1c01bbd47fc00a2c39e90264f33305004495a9","hash":"10f9f855ae67c760c2ab2ef2aa7113baa98b14ff"}
}
