TN:
SF:app\controller\carsController.js
FN:3,(anonymous_0)
FN:15,(anonymous_1)
FN:29,(anonymous_2)
FN:48,(anonymous_3)
FN:68,(anonymous_4)
FN:85,(anonymous_5)
FN:109,(anonymous_6)
FN:111,(anonymous_7)
FN:130,(anonymous_8)
FN:149,(anonymous_9)
FN:171,(anonymous_10)
FNF:11
FNH:11
FNDA:2,(anonymous_0)
FNDA:2,(anonymous_1)
FNDA:2,(anonymous_2)
FNDA:2,(anonymous_3)
FNDA:2,(anonymous_4)
FNDA:8,(anonymous_5)
FNDA:4,(anonymous_6)
FNDA:10,(anonymous_7)
FNDA:5,(anonymous_8)
FNDA:4,(anonymous_9)
FNDA:9,(anonymous_10)
DA:1,1
DA:3,1
DA:4,2
DA:5,2
DA:6,1
DA:8,1
DA:15,1
DA:17,2
DA:18,2
DA:19,2
DA:20,1
DA:22,1
DA:29,1
DA:30,2
DA:31,2
DA:32,2
DA:33,2
DA:34,2
DA:35,1
DA:41,1
DA:48,1
DA:49,2
DA:50,2
DA:51,2
DA:53,2
DA:55,1
DA:61,1
DA:68,1
DA:69,2
DA:70,2
DA:71,2
DA:72,2
DA:73,1
DA:78,1
DA:85,1
DA:87,8
DA:88,1
DA:94,7
DA:96,7
DA:97,2
DA:103,5
DA:104,5
DA:106,5
DA:108,5
DA:109,2
DA:110,4
DA:111,4
DA:112,10
DA:115,2
DA:116,1
DA:123,3
DA:125,1
DA:130,2
DA:131,5
DA:134,2
DA:135,1
DA:142,2
DA:143,2
DA:145,2
DA:149,1
DA:151,4
DA:152,4
DA:154,4
DA:156,4
DA:158,4
DA:160,4
DA:161,1
DA:167,3
DA:169,3
DA:171,3
DA:172,9
DA:175,3
DA:176,2
DA:183,1
DA:184,1
DA:185,0
DA:186,0
DA:187,0
DA:188,0
DA:189,0
DA:190,0
DA:193,1
DA:197,1
LF:83
LH:77
BRDA:87,0,0,1
BRDA:87,0,1,7
BRDA:96,1,0,2
BRDA:96,1,1,5
BRDA:108,2,0,2
BRDA:108,2,1,3
BRDA:115,3,0,1
BRDA:115,3,1,1
BRDA:123,4,0,1
BRDA:123,4,1,2
BRDA:123,5,0,3
BRDA:123,5,1,2
BRDA:134,6,0,1
BRDA:134,6,1,1
BRDA:160,7,0,1
BRDA:160,7,1,3
BRDA:167,8,0,3
BRDA:167,8,1,0
BRDA:175,9,0,2
BRDA:175,9,1,1
BRDA:183,10,0,1
BRDA:183,10,1,0
BRDA:183,11,0,1
BRDA:183,11,1,1
BRDA:185,12,0,0
BRDA:185,12,1,0
BRDA:185,13,0,0
BRDA:185,13,1,0
BRDA:187,14,0,0
BRDA:187,14,1,0
BRDA:187,15,0,0
BRDA:187,15,1,0
BRDA:189,16,0,0
BRDA:189,16,1,0
BRDA:189,17,0,0
BRDA:189,17,1,0
BRF:36
BRH:22
end_of_record
