TN:
SF:app\controller\authController.js
FN:5,(anonymous_0)
FN:6,(anonymous_1)
FN:62,(anonymous_2)
FN:78,(anonymous_3)
FN:94,(anonymous_4)
FN:110,(anonymous_5)
FNF:6
FNH:6
FNDA:8,(anonymous_0)
FNDA:8,(anonymous_1)
FNDA:2,(anonymous_2)
FNDA:2,(anonymous_3)
FNDA:2,(anonymous_4)
FNDA:1,(anonymous_5)
DA:1,2
DA:2,2
DA:5,2
DA:6,8
DA:8,8
DA:10,8
DA:11,0
DA:17,8
DA:19,8
DA:20,8
DA:22,7
DA:24,7
DA:26,7
DA:27,0
DA:28,0
DA:31,7
DA:32,7
DA:33,0
DA:36,0
DA:38,0
DA:40,0
DA:41,0
DA:46,0
DA:49,7
DA:52,1
DA:61,2
DA:64,2
DA:66,2
DA:67,1
DA:73,1
DA:77,2
DA:80,2
DA:82,2
DA:83,1
DA:89,1
DA:93,2
DA:96,2
DA:98,2
DA:99,1
DA:105,1
DA:109,2
DA:112,1
DA:114,1
DA:116,1
DA:124,2
LF:45
LH:36
BRDA:10,0,0,0
BRDA:10,0,1,8
BRDA:26,1,0,0
BRDA:26,1,1,7
BRDA:31,2,0,7
BRDA:31,2,1,0
BRDA:32,3,0,0
BRDA:32,3,1,7
BRDA:32,4,0,7
BRDA:32,4,1,0
BRDA:40,5,0,0
BRDA:40,5,1,0
BRDA:66,6,0,1
BRDA:66,6,1,1
BRDA:66,7,0,2
BRDA:66,7,1,2
BRDA:66,7,2,2
BRDA:82,8,0,1
BRDA:82,8,1,1
BRDA:82,9,0,2
BRDA:82,9,1,1
BRDA:98,10,0,1
BRDA:98,10,1,1
BRF:23
BRH:16
end_of_record
TN:
SF:app\controller\carsController.js
FN:3,(anonymous_0)
FN:15,(anonymous_1)
FN:29,(anonymous_2)
FN:48,(anonymous_3)
FN:68,(anonymous_4)
FN:85,(anonymous_5)
FN:109,(anonymous_6)
FN:111,(anonymous_7)
FN:130,(anonymous_8)
FN:149,(anonymous_9)
FN:171,(anonymous_10)
FNF:11
FNH:5
FNDA:2,(anonymous_0)
FNDA:2,(anonymous_1)
FNDA:2,(anonymous_2)
FNDA:2,(anonymous_3)
FNDA:2,(anonymous_4)
FNDA:0,(anonymous_5)
FNDA:0,(anonymous_6)
FNDA:0,(anonymous_7)
FNDA:0,(anonymous_8)
FNDA:0,(anonymous_9)
FNDA:0,(anonymous_10)
DA:1,1
DA:3,1
DA:4,2
DA:5,2
DA:6,1
DA:8,1
DA:15,1
DA:17,2
DA:18,2
DA:19,2
DA:20,1
DA:22,1
DA:29,1
DA:30,2
DA:31,2
DA:32,2
DA:33,2
DA:34,2
DA:35,1
DA:41,1
DA:48,1
DA:49,2
DA:50,2
DA:51,2
DA:53,2
DA:55,1
DA:61,1
DA:68,1
DA:69,2
DA:70,2
DA:71,2
DA:72,2
DA:73,1
DA:78,1
DA:85,1
DA:87,0
DA:88,0
DA:94,0
DA:96,0
DA:97,0
DA:103,0
DA:104,0
DA:106,0
DA:108,0
DA:109,0
DA:110,0
DA:111,0
DA:112,0
DA:115,0
DA:116,0
DA:123,0
DA:125,0
DA:130,0
DA:131,0
DA:134,0
DA:135,0
DA:142,0
DA:143,0
DA:145,0
DA:149,1
DA:151,0
DA:152,0
DA:154,0
DA:156,0
DA:158,0
DA:160,0
DA:161,0
DA:167,0
DA:169,0
DA:171,0
DA:172,0
DA:175,0
DA:176,0
DA:183,0
DA:184,0
DA:185,0
DA:186,0
DA:187,0
DA:188,0
DA:189,0
DA:190,0
DA:194,0
DA:198,1
LF:83
LH:37
BRDA:87,0,0,0
BRDA:87,0,1,0
BRDA:96,1,0,0
BRDA:96,1,1,0
BRDA:108,2,0,0
BRDA:108,2,1,0
BRDA:115,3,0,0
BRDA:115,3,1,0
BRDA:123,4,0,0
BRDA:123,4,1,0
BRDA:123,5,0,0
BRDA:123,5,1,0
BRDA:134,6,0,0
BRDA:134,6,1,0
BRDA:160,7,0,0
BRDA:160,7,1,0
BRDA:167,8,0,0
BRDA:167,8,1,0
BRDA:175,9,0,0
BRDA:175,9,1,0
BRDA:183,10,0,0
BRDA:183,10,1,0
BRDA:183,11,0,0
BRDA:183,11,1,0
BRDA:185,12,0,0
BRDA:185,12,1,0
BRDA:185,13,0,0
BRDA:185,13,1,0
BRDA:187,14,0,0
BRDA:187,14,1,0
BRDA:187,15,0,0
BRDA:187,15,1,0
BRDA:189,16,0,0
BRDA:189,16,1,0
BRDA:189,17,0,0
BRDA:189,17,1,0
BRF:36
BRH:0
end_of_record
TN:
SF:app\controller\userController.js
FN:4,(anonymous_0)
FN:16,(anonymous_1)
FN:43,(anonymous_2)
FN:61,(anonymous_3)
FN:79,(anonymous_4)
FN:82,(anonymous_5)
FN:89,(anonymous_6)
FN:111,(anonymous_7)
FN:151,(anonymous_8)
FNF:9
FNH:7
FNDA:2,(anonymous_0)
FNDA:2,(anonymous_1)
FNDA:2,(anonymous_2)
FNDA:2,(anonymous_3)
FNDA:1,(anonymous_4)
FNDA:1,(anonymous_5)
FNDA:2,(anonymous_6)
FNDA:0,(anonymous_7)
FNDA:0,(anonymous_8)
DA:1,1
DA:2,1
DA:4,1
DA:5,2
DA:6,2
DA:7,1
DA:9,1
DA:16,1
DA:17,2
DA:18,2
DA:19,2
DA:21,2
DA:23,1
DA:28,1
DA:35,1
DA:43,1
DA:44,2
DA:45,2
DA:46,2
DA:48,1
DA:54,1
DA:61,1
DA:62,2
DA:63,2
DA:64,2
DA:66,1
DA:72,1
DA:79,1
DA:81,1
DA:82,1
DA:83,1
DA:84,1
DA:89,1
DA:91,2
DA:92,2
DA:94,2
DA:96,1
DA:104,1
DA:111,1
DA:112,0
DA:113,0
DA:115,0
DA:116,0
DA:122,0
DA:124,0
DA:125,0
DA:131,0
DA:133,0
DA:141,0
DA:144,0
DA:151,1
DA:153,0
DA:154,0
DA:156,0
DA:157,0
DA:163,0
DA:165,0
DA:166,0
DA:172,0
DA:174,0
DA:175,0
DA:181,0
DA:183,0
DA:185,0
DA:186,0
DA:188,0
DA:189,0
DA:195,0
DA:196,0
DA:200,0
DA:202,0
DA:205,0
DA:213,1
LF:73
LH:41
BRDA:115,0,0,0
BRDA:115,0,1,0
BRDA:115,1,0,0
BRDA:115,1,1,0
BRDA:115,1,2,0
BRDA:124,2,0,0
BRDA:124,2,1,0
BRDA:156,3,0,0
BRDA:156,3,1,0
BRDA:156,4,0,0
BRDA:156,4,1,0
BRDA:165,5,0,0
BRDA:165,5,1,0
BRDA:174,6,0,0
BRDA:174,6,1,0
BRDA:183,7,0,0
BRDA:183,7,1,0
BRDA:188,8,0,0
BRDA:188,8,1,0
BRF:19
BRH:0
end_of_record
